-- Install configuration: ""
-- Up-to-date: /home/teteu/ros2_ws/src/drone_sim/install/drone_sim/share/drone_sim/launch
-- Up-to-date: /home/teteu/ros2_ws/src/drone_sim/install/drone_sim/share/drone_sim/launch/drone_sim_launch.py
-- Up-to-date: /home/teteu/ros2_ws/src/drone_sim/install/drone_sim/share/drone_sim/worlds
-- Installing: /home/teteu/ros2_ws/src/drone_sim/install/drone_sim/share/drone_sim/worlds/main.world
-- Up-to-date: /home/teteu/ros2_ws/src/drone_sim/install/drone_sim/share/drone_sim/worlds/model.config
-- Up-to-date: /home/teteu/ros2_ws/src/drone_sim/install/drone_sim/share/drone_sim/worlds/model.sdf
-- Up-to-date: /home/teteu/ros2_ws/src/drone_sim/install/drone_sim/lib/drone_sim/controller.py
-- Up-to-date: /home/teteu/ros2_ws/src/drone_sim/install/drone_sim/share/ament_index/resource_index/package_run_dependencies/drone_sim
-- Up-to-date: /home/teteu/ros2_ws/src/drone_sim/install/drone_sim/share/ament_index/resource_index/parent_prefix_path/drone_sim
-- Up-to-date: /home/teteu/ros2_ws/src/drone_sim/install/drone_sim/share/drone_sim/environment/ament_prefix_path.sh
-- Up-to-date: /home/teteu/ros2_ws/src/drone_sim/install/drone_sim/share/drone_sim/environment/ament_prefix_path.dsv
-- Up-to-date: /home/teteu/ros2_ws/src/drone_sim/install/drone_sim/share/drone_sim/environment/path.sh
-- Up-to-date: /home/teteu/ros2_ws/src/drone_sim/install/drone_sim/share/drone_sim/environment/path.dsv
-- Up-to-date: /home/teteu/ros2_ws/src/drone_sim/install/drone_sim/share/drone_sim/local_setup.bash
-- Up-to-date: /home/teteu/ros2_ws/src/drone_sim/install/drone_sim/share/drone_sim/local_setup.sh
-- Up-to-date: /home/teteu/ros2_ws/src/drone_sim/install/drone_sim/share/drone_sim/local_setup.zsh
-- Up-to-date: /home/teteu/ros2_ws/src/drone_sim/install/drone_sim/share/drone_sim/local_setup.dsv
-- Installing: /home/teteu/ros2_ws/src/drone_sim/install/drone_sim/share/drone_sim/package.dsv
-- Up-to-date: /home/teteu/ros2_ws/src/drone_sim/install/drone_sim/share/ament_index/resource_index/packages/drone_sim
-- Up-to-date: /home/teteu/ros2_ws/src/drone_sim/install/drone_sim/share/drone_sim/cmake/drone_simConfig.cmake
-- Up-to-date: /home/teteu/ros2_ws/src/drone_sim/install/drone_sim/share/drone_sim/cmake/drone_simConfig-version.cmake
-- Up-to-date: /home/teteu/ros2_ws/src/drone_sim/install/drone_sim/share/drone_sim/package.xml
