[0.140s] DEBUG:colcon:Command line arguments: ['/usr/bin/colcon', 'build']
[0.140s] DEBUG:colcon:Parsed command line arguments: Namespace(log_base=None, log_level=None, verb_name='build', build_base='build', install_base='install', merge_install=False, symlink_install=False, test_result_base=None, continue_on_error=False, executor='parallel', parallel_workers=4, event_handlers=None, ignore_user_meta=False, metas=['./colcon.meta'], base_paths=['.'], packages_ignore=None, packages_ignore_regex=None, paths=None, packages_up_to=None, packages_up_to_regex=None, packages_above=None, packages_above_and_dependencies=None, packages_above_depth=None, packages_select_by_dep=None, packages_skip_by_dep=None, packages_skip_up_to=None, packages_select_build_failed=False, packages_skip_build_finished=False, packages_select_test_failures=False, packages_skip_test_passed=False, packages_select=None, packages_skip=None, packages_select_regex=None, packages_skip_regex=None, packages_start=None, packages_end=None, allow_overriding=[], cmake_args=None, cmake_target=None, cmake_target_skip_unavailable=False, cmake_clean_cache=False, cmake_clean_first=False, cmake_force_configure=False, ament_cmake_args=None, catkin_cmake_args=None, catkin_skip_building_tests=False, mixin_files=None, mixin=None, verb_parser=<colcon_mixin.mixin.mixin_argument.MixinArgumentDecorator object at 0x792714b56800>, verb_extension=<colcon_core.verb.build.BuildVerb object at 0x792714b560e0>, main=<bound method BuildVerb.main of <colcon_core.verb.build.BuildVerb object at 0x792714b560e0>>, mixin_verb=('build',))
[0.363s] Level 1:colcon.colcon_core.package_discovery:discover_packages(colcon_meta) check parameters
[0.363s] Level 1:colcon.colcon_core.package_discovery:discover_packages(recursive) check parameters
[0.363s] Level 1:colcon.colcon_core.package_discovery:discover_packages(ignore) check parameters
[0.363s] Level 1:colcon.colcon_core.package_discovery:discover_packages(path) check parameters
[0.364s] Level 1:colcon.colcon_core.package_discovery:discover_packages(colcon_meta) discover
[0.364s] Level 1:colcon.colcon_core.package_discovery:discover_packages(recursive) discover
[0.364s] INFO:colcon.colcon_core.package_discovery:Crawling recursively for packages in '/home/teteu/ros2_ws/src/drone_sim'
[0.364s] Level 1:colcon.colcon_core.package_identification:_identify(.) by extensions ['ignore', 'ignore_ament_install']
[0.364s] Level 1:colcon.colcon_core.package_identification:_identify(.) by extension 'ignore'
[0.364s] Level 1:colcon.colcon_core.package_identification:_identify(.) by extension 'ignore_ament_install'
[0.364s] Level 1:colcon.colcon_core.package_identification:_identify(.) by extensions ['colcon_pkg']
[0.364s] Level 1:colcon.colcon_core.package_identification:_identify(.) by extension 'colcon_pkg'
[0.364s] Level 1:colcon.colcon_core.package_identification:_identify(.) by extensions ['colcon_meta']
[0.364s] Level 1:colcon.colcon_core.package_identification:_identify(.) by extension 'colcon_meta'
[0.364s] Level 1:colcon.colcon_core.package_identification:_identify(.) by extensions ['ros']
[0.364s] Level 1:colcon.colcon_core.package_identification:_identify(.) by extension 'ros'
[0.380s] DEBUG:colcon.colcon_core.package_identification:Package '.' with type 'ros.ament_cmake' and name 'drone_sim'
[0.380s] Level 1:colcon.colcon_core.package_discovery:discover_packages(recursive) using defaults
[0.380s] Level 1:colcon.colcon_core.package_discovery:discover_packages(ignore) discover
[0.380s] Level 1:colcon.colcon_core.package_discovery:discover_packages(ignore) using defaults
[0.380s] Level 1:colcon.colcon_core.package_discovery:discover_packages(path) discover
[0.381s] Level 1:colcon.colcon_core.package_discovery:discover_packages(path) using defaults
[0.417s] Level 1:colcon.colcon_core.package_discovery:discover_packages(prefix_path) check parameters
[0.417s] Level 1:colcon.colcon_core.package_discovery:discover_packages(prefix_path) discover
[0.419s] DEBUG:colcon.colcon_installed_package_information.package_discovery:Found 1 installed packages in /home/teteu/ros2_ws/install
[0.421s] DEBUG:colcon.colcon_installed_package_information.package_discovery:Found 300 installed packages in /opt/ros/humble
[0.422s] Level 1:colcon.colcon_core.package_discovery:discover_packages(prefix_path) using defaults
[0.476s] Level 5:colcon.colcon_core.verb:set package 'drone_sim' build argument 'cmake_args' from command line to 'None'
[0.476s] Level 5:colcon.colcon_core.verb:set package 'drone_sim' build argument 'cmake_target' from command line to 'None'
[0.477s] Level 5:colcon.colcon_core.verb:set package 'drone_sim' build argument 'cmake_target_skip_unavailable' from command line to 'False'
[0.477s] Level 5:colcon.colcon_core.verb:set package 'drone_sim' build argument 'cmake_clean_cache' from command line to 'False'
[0.477s] Level 5:colcon.colcon_core.verb:set package 'drone_sim' build argument 'cmake_clean_first' from command line to 'False'
[0.477s] Level 5:colcon.colcon_core.verb:set package 'drone_sim' build argument 'cmake_force_configure' from command line to 'False'
[0.477s] Level 5:colcon.colcon_core.verb:set package 'drone_sim' build argument 'ament_cmake_args' from command line to 'None'
[0.477s] Level 5:colcon.colcon_core.verb:set package 'drone_sim' build argument 'catkin_cmake_args' from command line to 'None'
[0.477s] Level 5:colcon.colcon_core.verb:set package 'drone_sim' build argument 'catkin_skip_building_tests' from command line to 'False'
[0.477s] DEBUG:colcon.colcon_core.verb:Building package 'drone_sim' with the following arguments: {'ament_cmake_args': None, 'build_base': '/home/teteu/ros2_ws/src/drone_sim/build/drone_sim', 'catkin_cmake_args': None, 'catkin_skip_building_tests': False, 'cmake_args': None, 'cmake_clean_cache': False, 'cmake_clean_first': False, 'cmake_force_configure': False, 'cmake_target': None, 'cmake_target_skip_unavailable': False, 'install_base': '/home/teteu/ros2_ws/src/drone_sim/install/drone_sim', 'merge_install': False, 'path': '/home/teteu/ros2_ws/src/drone_sim', 'symlink_install': False, 'test_result_base': None}
[0.477s] INFO:colcon.colcon_core.executor:Executing jobs using 'parallel' executor
[0.478s] DEBUG:colcon.colcon_parallel_executor.executor.parallel:run_until_complete
[0.479s] INFO:colcon.colcon_ros.task.ament_cmake.build:Building ROS package in '/home/teteu/ros2_ws/src/drone_sim' with build type 'ament_cmake'
[0.479s] INFO:colcon.colcon_cmake.task.cmake.build:Building CMake package in '/home/teteu/ros2_ws/src/drone_sim'
[0.481s] INFO:colcon.colcon_core.plugin_system:Skipping extension 'colcon_core.shell.bat': Not used on non-Windows systems
[0.482s] INFO:colcon.colcon_core.shell:Skip shell extension 'powershell' for command environment: Not usable outside of PowerShell
[0.482s] DEBUG:colcon.colcon_core.shell:Skip shell extension 'dsv' for command environment
[0.493s] DEBUG:colcon.colcon_core.event_handler.log_command:Invoking command in '/home/teteu/ros2_ws/src/drone_sim/build/drone_sim': CMAKE_PREFIX_PATH=${CMAKE_PREFIX_PATH}:/opt/ros/humble /usr/bin/cmake --build /home/teteu/ros2_ws/src/drone_sim/build/drone_sim -- -j4 -l4
[0.535s] DEBUG:colcon.colcon_core.event_handler.log_command:Invoked command in '/home/teteu/ros2_ws/src/drone_sim/build/drone_sim' returned '0': CMAKE_PREFIX_PATH=${CMAKE_PREFIX_PATH}:/opt/ros/humble /usr/bin/cmake --build /home/teteu/ros2_ws/src/drone_sim/build/drone_sim -- -j4 -l4
[0.571s] DEBUG:colcon.colcon_core.event_handler.log_command:Invoking command in '/home/teteu/ros2_ws/src/drone_sim/build/drone_sim': CMAKE_PREFIX_PATH=${CMAKE_PREFIX_PATH}:/opt/ros/humble /usr/bin/cmake --install /home/teteu/ros2_ws/src/drone_sim/build/drone_sim
[0.584s] Level 1:colcon.colcon_core.environment:create_environment_scripts_only(drone_sim)
[0.585s] DEBUG:colcon.colcon_core.event_handler.log_command:Invoked command in '/home/teteu/ros2_ws/src/drone_sim/build/drone_sim' returned '0': CMAKE_PREFIX_PATH=${CMAKE_PREFIX_PATH}:/opt/ros/humble /usr/bin/cmake --install /home/teteu/ros2_ws/src/drone_sim/build/drone_sim
[0.588s] Level 1:colcon.colcon_core.environment:checking '/home/teteu/ros2_ws/src/drone_sim/install/drone_sim' for CMake module files
[0.589s] Level 1:colcon.colcon_core.environment:checking '/home/teteu/ros2_ws/src/drone_sim/install/drone_sim' for CMake config files
[0.590s] Level 1:colcon.colcon_core.shell:create_environment_hook('drone_sim', 'cmake_prefix_path')
[0.590s] INFO:colcon.colcon_core.shell:Creating environment hook '/home/teteu/ros2_ws/src/drone_sim/install/drone_sim/share/drone_sim/hook/cmake_prefix_path.ps1'
[0.591s] INFO:colcon.colcon_core.shell:Creating environment descriptor '/home/teteu/ros2_ws/src/drone_sim/install/drone_sim/share/drone_sim/hook/cmake_prefix_path.dsv'
[0.594s] INFO:colcon.colcon_core.shell:Creating environment hook '/home/teteu/ros2_ws/src/drone_sim/install/drone_sim/share/drone_sim/hook/cmake_prefix_path.sh'
[0.596s] Level 1:colcon.colcon_core.environment:checking '/home/teteu/ros2_ws/src/drone_sim/install/drone_sim/lib'
[0.596s] Level 1:colcon.colcon_core.environment:checking '/home/teteu/ros2_ws/src/drone_sim/install/drone_sim/bin'
[0.596s] Level 1:colcon.colcon_core.environment:checking '/home/teteu/ros2_ws/src/drone_sim/install/drone_sim/lib/pkgconfig/drone_sim.pc'
[0.597s] Level 1:colcon.colcon_core.environment:checking '/home/teteu/ros2_ws/src/drone_sim/install/drone_sim/lib/python3.10/site-packages'
[0.598s] Level 1:colcon.colcon_core.environment:checking '/home/teteu/ros2_ws/src/drone_sim/install/drone_sim/bin'
[0.599s] INFO:colcon.colcon_core.shell:Creating package script '/home/teteu/ros2_ws/src/drone_sim/install/drone_sim/share/drone_sim/package.ps1'
[0.600s] INFO:colcon.colcon_core.shell:Creating package descriptor '/home/teteu/ros2_ws/src/drone_sim/install/drone_sim/share/drone_sim/package.dsv'
[0.602s] INFO:colcon.colcon_core.shell:Creating package script '/home/teteu/ros2_ws/src/drone_sim/install/drone_sim/share/drone_sim/package.sh'
[0.604s] INFO:colcon.colcon_core.shell:Creating package script '/home/teteu/ros2_ws/src/drone_sim/install/drone_sim/share/drone_sim/package.bash'
[0.605s] INFO:colcon.colcon_core.shell:Creating package script '/home/teteu/ros2_ws/src/drone_sim/install/drone_sim/share/drone_sim/package.zsh'
[0.608s] Level 1:colcon.colcon_core.environment:create_file_with_runtime_dependencies(/home/teteu/ros2_ws/src/drone_sim/install/drone_sim/share/colcon-core/packages/drone_sim)
[0.633s] Level 1:colcon.colcon_core.environment:create_environment_scripts_only(drone_sim)
[0.634s] Level 1:colcon.colcon_core.environment:checking '/home/teteu/ros2_ws/src/drone_sim/install/drone_sim' for CMake module files
[0.634s] Level 1:colcon.colcon_core.environment:checking '/home/teteu/ros2_ws/src/drone_sim/install/drone_sim' for CMake config files
[0.635s] Level 1:colcon.colcon_core.shell:create_environment_hook('drone_sim', 'cmake_prefix_path')
[0.635s] INFO:colcon.colcon_core.shell:Creating environment hook '/home/teteu/ros2_ws/src/drone_sim/install/drone_sim/share/drone_sim/hook/cmake_prefix_path.ps1'
[0.636s] INFO:colcon.colcon_core.shell:Creating environment descriptor '/home/teteu/ros2_ws/src/drone_sim/install/drone_sim/share/drone_sim/hook/cmake_prefix_path.dsv'
[0.636s] INFO:colcon.colcon_core.shell:Creating environment hook '/home/teteu/ros2_ws/src/drone_sim/install/drone_sim/share/drone_sim/hook/cmake_prefix_path.sh'
[0.637s] Level 1:colcon.colcon_core.environment:checking '/home/teteu/ros2_ws/src/drone_sim/install/drone_sim/lib'
[0.637s] Level 1:colcon.colcon_core.environment:checking '/home/teteu/ros2_ws/src/drone_sim/install/drone_sim/bin'
[0.637s] Level 1:colcon.colcon_core.environment:checking '/home/teteu/ros2_ws/src/drone_sim/install/drone_sim/lib/pkgconfig/drone_sim.pc'
[0.637s] Level 1:colcon.colcon_core.environment:checking '/home/teteu/ros2_ws/src/drone_sim/install/drone_sim/lib/python3.10/site-packages'
[0.638s] Level 1:colcon.colcon_core.environment:checking '/home/teteu/ros2_ws/src/drone_sim/install/drone_sim/bin'
[0.638s] INFO:colcon.colcon_core.shell:Creating package script '/home/teteu/ros2_ws/src/drone_sim/install/drone_sim/share/drone_sim/package.ps1'
[0.639s] INFO:colcon.colcon_core.shell:Creating package descriptor '/home/teteu/ros2_ws/src/drone_sim/install/drone_sim/share/drone_sim/package.dsv'
[0.640s] INFO:colcon.colcon_core.shell:Creating package script '/home/teteu/ros2_ws/src/drone_sim/install/drone_sim/share/drone_sim/package.sh'
[0.640s] INFO:colcon.colcon_core.shell:Creating package script '/home/teteu/ros2_ws/src/drone_sim/install/drone_sim/share/drone_sim/package.bash'
[0.641s] INFO:colcon.colcon_core.shell:Creating package script '/home/teteu/ros2_ws/src/drone_sim/install/drone_sim/share/drone_sim/package.zsh'
[0.642s] Level 1:colcon.colcon_core.environment:create_file_with_runtime_dependencies(/home/teteu/ros2_ws/src/drone_sim/install/drone_sim/share/colcon-core/packages/drone_sim)
[0.642s] DEBUG:colcon.colcon_parallel_executor.executor.parallel:closing loop
[0.642s] DEBUG:colcon.colcon_parallel_executor.executor.parallel:loop closed
[0.642s] DEBUG:colcon.colcon_parallel_executor.executor.parallel:run_until_complete finished with '0'
[0.643s] DEBUG:colcon.colcon_core.event_reactor:joining thread
[0.648s] INFO:colcon.colcon_core.plugin_system:Skipping extension 'colcon_notification.desktop_notification.terminal_notifier': Not used on non-Darwin systems
[0.648s] INFO:colcon.colcon_core.plugin_system:Skipping extension 'colcon_notification.desktop_notification.win32': Not used on non-Windows systems
[0.648s] INFO:colcon.colcon_notification.desktop_notification:Sending desktop notification using 'notify2'
[0.662s] DEBUG:colcon.colcon_core.event_reactor:joined thread
[0.663s] INFO:colcon.colcon_core.shell:Creating prefix script '/home/teteu/ros2_ws/src/drone_sim/install/local_setup.ps1'
[0.664s] INFO:colcon.colcon_core.shell:Creating prefix util module '/home/teteu/ros2_ws/src/drone_sim/install/_local_setup_util_ps1.py'
[0.666s] INFO:colcon.colcon_core.shell:Creating prefix chain script '/home/teteu/ros2_ws/src/drone_sim/install/setup.ps1'
[0.667s] INFO:colcon.colcon_core.shell:Creating prefix script '/home/teteu/ros2_ws/src/drone_sim/install/local_setup.sh'
[0.668s] INFO:colcon.colcon_core.shell:Creating prefix util module '/home/teteu/ros2_ws/src/drone_sim/install/_local_setup_util_sh.py'
[0.669s] INFO:colcon.colcon_core.shell:Creating prefix chain script '/home/teteu/ros2_ws/src/drone_sim/install/setup.sh'
[0.670s] INFO:colcon.colcon_core.shell:Creating prefix script '/home/teteu/ros2_ws/src/drone_sim/install/local_setup.bash'
[0.671s] INFO:colcon.colcon_core.shell:Creating prefix chain script '/home/teteu/ros2_ws/src/drone_sim/install/setup.bash'
[0.672s] INFO:colcon.colcon_core.shell:Creating prefix script '/home/teteu/ros2_ws/src/drone_sim/install/local_setup.zsh'
[0.673s] INFO:colcon.colcon_core.shell:Creating prefix chain script '/home/teteu/ros2_ws/src/drone_sim/install/setup.zsh'
