[0.014s] Invoking command in '/home/teteu/ros2_ws/src/drone_sim/build/drone_sim': CMAKE_PREFIX_PATH=${CMAKE_PREFIX_PATH}:/opt/ros/humble /usr/bin/cmake --build /home/teteu/ros2_ws/src/drone_sim/build/drone_sim -- -j4 -l4
[0.055s] Invoked command in '/home/teteu/ros2_ws/src/drone_sim/build/drone_sim' returned '0': CMAKE_PREFIX_PATH=${CMAKE_PREFIX_PATH}:/opt/ros/humble /usr/bin/cmake --build /home/teteu/ros2_ws/src/drone_sim/build/drone_sim -- -j4 -l4
[0.092s] Invoking command in '/home/teteu/ros2_ws/src/drone_sim/build/drone_sim': CMAKE_PREFIX_PATH=${CMAKE_PREFIX_PATH}:/opt/ros/humble /usr/bin/cmake --install /home/teteu/ros2_ws/src/drone_sim/build/drone_sim
[0.100s] -- Install configuration: ""
[0.100s] -- Up-to-date: /home/teteu/ros2_ws/src/drone_sim/install/drone_sim/share/drone_sim/launch
[0.101s] -- Installing: /home/teteu/ros2_ws/src/drone_sim/install/drone_sim/share/drone_sim/launch/drone_sim_launch.py
[0.101s] -- Up-to-date: /home/teteu/ros2_ws/src/drone_sim/install/drone_sim/share/drone_sim/worlds
[0.101s] -- Up-to-date: /home/teteu/ros2_ws/src/drone_sim/install/drone_sim/share/drone_sim/worlds/main.world
[0.101s] -- Up-to-date: /home/teteu/ros2_ws/src/drone_sim/install/drone_sim/share/drone_sim/worlds/model.config
[0.101s] -- Up-to-date: /home/teteu/ros2_ws/src/drone_sim/install/drone_sim/share/drone_sim/worlds/model.sdf
[0.101s] -- Up-to-date: /home/teteu/ros2_ws/src/drone_sim/install/drone_sim/lib/drone_sim/controller.py
[0.101s] -- Up-to-date: /home/teteu/ros2_ws/src/drone_sim/install/drone_sim/share/ament_index/resource_index/package_run_dependencies/drone_sim
[0.102s] -- Up-to-date: /home/teteu/ros2_ws/src/drone_sim/install/drone_sim/share/ament_index/resource_index/parent_prefix_path/drone_sim
[0.102s] -- Up-to-date: /home/teteu/ros2_ws/src/drone_sim/install/drone_sim/share/drone_sim/environment/ament_prefix_path.sh
[0.102s] -- Up-to-date: /home/teteu/ros2_ws/src/drone_sim/install/drone_sim/share/drone_sim/environment/ament_prefix_path.dsv
[0.102s] -- Up-to-date: /home/teteu/ros2_ws/src/drone_sim/install/drone_sim/share/drone_sim/environment/path.sh
[0.102s] -- Up-to-date: /home/teteu/ros2_ws/src/drone_sim/install/drone_sim/share/drone_sim/environment/path.dsv
[0.102s] -- Up-to-date: /home/teteu/ros2_ws/src/drone_sim/install/drone_sim/share/drone_sim/local_setup.bash
[0.102s] -- Up-to-date: /home/teteu/ros2_ws/src/drone_sim/install/drone_sim/share/drone_sim/local_setup.sh
[0.102s] -- Up-to-date: /home/teteu/ros2_ws/src/drone_sim/install/drone_sim/share/drone_sim/local_setup.zsh
[0.102s] -- Up-to-date: /home/teteu/ros2_ws/src/drone_sim/install/drone_sim/share/drone_sim/local_setup.dsv
[0.103s] -- Up-to-date: /home/teteu/ros2_ws/src/drone_sim/install/drone_sim/share/drone_sim/package.dsv
[0.103s] -- Up-to-date: /home/teteu/ros2_ws/src/drone_sim/install/drone_sim/share/ament_index/resource_index/packages/drone_sim
[0.103s] -- Up-to-date: /home/teteu/ros2_ws/src/drone_sim/install/drone_sim/share/drone_sim/cmake/drone_simConfig.cmake
[0.103s] -- Up-to-date: /home/teteu/ros2_ws/src/drone_sim/install/drone_sim/share/drone_sim/cmake/drone_simConfig-version.cmake
[0.103s] -- Up-to-date: /home/teteu/ros2_ws/src/drone_sim/install/drone_sim/share/drone_sim/package.xml
[0.105s] Invoked command in '/home/teteu/ros2_ws/src/drone_sim/build/drone_sim' returned '0': CMAKE_PREFIX_PATH=${CMAKE_PREFIX_PATH}:/opt/ros/humble /usr/bin/cmake --install /home/teteu/ros2_ws/src/drone_sim/build/drone_sim
